<?xml version="1.0" encoding="UTF-8"?>
<!-- Generated by org.testng.reporters.JUnitReportReporter -->
<testsuite hostname="Dharunya" failures="0" tests="1" name="com.test.web.Sample1" time="0.003" errors="0" timestamp="2024-07-01T19:01:46 IST" skipped="0">
  <testcase classname="com.test.web.Sample1" name="test" time="0.003"/>
  <system-out/>
</testsuite> <!-- com.test.web.Sample1 -->
