<?xml version="1.0" encoding="UTF-8"?>
<!-- Generated by org.testng.reporters.JUnitReportReporter -->
<testsuite hostname="Dharunya" failures="0" tests="2" name="com.test.data.Sample12" time="0.013" errors="0" timestamp="2024-06-29T20:27:07 IST" skipped="0">
  <testcase classname="com.test.data.Sample12" name="test1" time="0.002"/>
  <system-out/>
  <testcase classname="com.test.data.Sample12" name="test" time="0.011"/>
  <system-out/>
</testsuite> <!-- com.test.data.Sample12 -->
