<?xml version="1.0" encoding="UTF-8"?>
<!-- Generated by org.testng.reporters.JUnitReportReporter -->
<testsuite hostname="Dharunya" failures="0" tests="1" name="com.web.testng.Sample1" time="0.006" errors="0" timestamp="2024-07-01T19:01:29 IST" skipped="0">
  <testcase classname="com.web.testng.Sample1" name="test" time="0.006"/>
  <system-out/>
</testsuite> <!-- com.web.testng.Sample1 -->
