<?xml version="1.0" encoding="UTF-8"?>
<!-- Generated by org.testng.reporters.JUnitReportReporter -->
<testsuite hostname="Dharunya" failures="0" tests="1" name="com.web.testng.Excercise6" time="0.008" errors="0" timestamp="2024-06-27T23:35:19 IST" skipped="0">
  <testcase classname="com.web.testng.Excercise6" name="testTwo" time="0.008"/>
  <system-out/>
</testsuite> <!-- com.web.testng.Excercise6 -->
