<?xml version="1.0" encoding="UTF-8"?>
<!-- Generated by org.testng.reporters.JUnitReportReporter -->
<testsuite hostname="Dharunya" failures="0" tests="6" name="com.test.data.CrossBrowserOne" time="40.116" errors="0" timestamp="2024-07-01T20:08:49 IST" skipped="0">
  <testcase classname="com.test.data.CrossBrowserOne" name="login" time="6.619"/>
  <system-out/>
  <testcase classname="com.test.data.CrossBrowserOne" name="login" time="6.122"/>
  <system-out/>
  <testcase classname="com.test.data.CrossBrowserOne" name="login" time="6.640"/>
  <system-out/>
  <testcase classname="com.test.data.CrossBrowserOne" name="crossBrowser" time="5.147"/>
  <system-out/>
  <testcase classname="com.test.data.CrossBrowserOne" name="crossBrowser" time="5.799"/>
  <system-out/>
  <testcase classname="com.test.data.CrossBrowserOne" name="crossBrowser" time="9.789"/>
  <system-out/>
</testsuite> <!-- com.test.data.CrossBrowserOne -->
