<?xml version="1.0" encoding="UTF-8"?>
<!-- Generated by org.testng.reporters.JUnitReportReporter -->
<testsuite hostname="Dharunya" failures="0" tests="4" name="com.web.testng.Excercise5" time="0.006" errors="0" timestamp="2024-06-27T23:03:47 IST" skipped="0">
  <testcase classname="com.web.testng.Excercise5" name="testOne" time="0.001"/>
  <system-out/>
  <testcase classname="com.web.testng.Excercise5" name="test" time="0.001"/>
  <system-out/>
  <testcase classname="com.web.testng.Excercise5" name="testThree" time="0.002"/>
  <system-out/>
  <testcase classname="com.web.testng.Excercise5" name="testTwo" time="0.002"/>
  <system-out/>
</testsuite> <!-- com.web.testng.Excercise5 -->
