<?xml version="1.0" encoding="UTF-8"?>
<!-- Generated by org.testng.reporters.JUnitReportReporter -->
<testsuite hostname="Dharunya" failures="0" tests="2" name="com.test.data.Sample13" time="0.010" errors="0" timestamp="2024-06-30T11:33:13 IST" skipped="0">
  <testcase classname="com.test.data.Sample13" name="test1" time="0.002"/>
  <system-out/>
  <testcase classname="com.test.data.Sample13" name="test" time="0.008"/>
  <system-out/>
</testsuite> <!-- com.test.data.Sample13 -->
