<?xml version="1.0" encoding="UTF-8"?>
<!-- Generated by org.testng.reporters.JUnitReportReporter -->
<testsuite hostname="Dharunya" failures="0" tests="2" name="com.test.data.Sample15" time="2.744" errors="0" timestamp="2024-07-02T21:45:38 IST" skipped="0">
  <testcase classname="com.test.data.Sample15" name="login" time="1.435"/>
  <system-out/>
  <testcase classname="com.test.data.Sample15" name="login" time="1.309"/>
  <system-out/>
</testsuite> <!-- com.test.data.Sample15 -->
