<?xml version="1.0" encoding="UTF-8"?>
<!-- Generated by org.testng.reporters.JUnitReportReporter -->
<testsuite hostname="Dharunya" failures="0" tests="3" name="com.web.testng.Excercise4" time="0.008" errors="0" timestamp="2024-06-30T19:02:08 IST" skipped="0">
  <testcase classname="com.web.testng.Excercise4" name="test" time="0.005"/>
  <system-out/>
  <testcase classname="com.web.testng.Excercise4" name="testTwo" time="0.001"/>
  <system-out/>
  <testcase classname="com.web.testng.Excercise4" name="testOne" time="0.002"/>
  <system-out/>
</testsuite> <!-- com.web.testng.Excercise4 -->
