<?xml version="1.0" encoding="UTF-8"?>
<!-- Generated by org.testng.reporters.JUnitReportReporter -->
<testsuite hostname="Dharunya" failures="0" tests="2" name="com.test.data.Sample16" time="0.009" errors="0" timestamp="2024-06-30T20:54:03 IST" skipped="0">
  <testcase classname="com.test.data.Sample16" name="test" time="0.006"/>
  <system-out/>
  <testcase classname="com.test.data.Sample16" name="testOne" time="0.003"/>
  <system-out/>
</testsuite> <!-- com.test.data.Sample16 -->
