<?xml version="1.0" encoding="UTF-8"?>
<!-- Generated by org.testng.reporters.JUnitReportReporter -->
<testsuite hostname="Dharunya" failures="0" tests="2" name="com.test.data.Parameter" time="1.882" errors="0" timestamp="2024-07-01T20:34:32 IST" skipped="0">
  <testcase classname="com.test.data.Parameter" name="loginPage" time="0.893"/>
  <system-out/>
  <testcase classname="com.test.data.Parameter" name="loginPage" time="0.989"/>
  <system-out/>
</testsuite> <!-- com.test.data.Parameter -->
