<?xml version="1.0" encoding="UTF-8"?>
<!-- Generated by org.testng.reporters.JUnitReportReporter -->
<testsuite hostname="Dharunya" failures="0" tests="4" name="com.test.data.CrossBrowser" time="19.369" errors="0" timestamp="2024-07-01T20:09:58 IST" skipped="0">
  <testcase classname="com.test.data.CrossBrowser" name="login" time="5.533"/>
  <system-out/>
  <testcase classname="com.test.data.CrossBrowser" name="login" time="5.211"/>
  <system-out/>
  <testcase classname="com.test.data.CrossBrowser" name="crossBrowser" time="3.431"/>
  <system-out/>
  <testcase classname="com.test.data.CrossBrowser" name="crossBrowser" time="5.194"/>
  <system-out/>
</testsuite> <!-- com.test.data.CrossBrowser -->
